mode: set
github.com\bkmoovio\ach\batchRCK.go:18.45,23.2 4 1
github.com\bkmoovio\ach\batchRCK.go:26.41,28.39 1 1
github.com\bkmoovio\ach\batchRCK.go:33.2,33.48 1 1
github.com\bkmoovio\ach\batchRCK.go:38.2,38.50 1 1
github.com\bkmoovio\ach\batchRCK.go:44.2,44.39 1 1
github.com\bkmoovio\ach\batchRCK.go:51.2,51.58 1 1
github.com\bkmoovio\ach\batchRCK.go:56.2,56.38 1 1
github.com\bkmoovio\ach\batchRCK.go:75.2,75.12 1 1
github.com\bkmoovio\ach\batchRCK.go:28.39,30.3 1 0
github.com\bkmoovio\ach\batchRCK.go:33.48,35.3 1 1
github.com\bkmoovio\ach\batchRCK.go:38.50,41.3 2 1
github.com\bkmoovio\ach\batchRCK.go:45.21,47.101 2 1
github.com\bkmoovio\ach\batchRCK.go:51.58,54.3 2 1
github.com\bkmoovio\ach\batchRCK.go:56.38,58.35 1 1
github.com\bkmoovio\ach\batchRCK.go:64.3,64.28 1 1
github.com\bkmoovio\ach\batchRCK.go:70.3,70.39 1 1
github.com\bkmoovio\ach\batchRCK.go:58.35,61.4 2 1
github.com\bkmoovio\ach\batchRCK.go:64.28,67.4 2 1
github.com\bkmoovio\ach\batchRCK.go:70.39,73.4 2 1
github.com\bkmoovio\ach\batchRCK.go:79.39,81.38 1 1
github.com\bkmoovio\ach\batchRCK.go:87.2,87.25 1 1
github.com\bkmoovio\ach\batchRCK.go:81.38,83.3 1 1
github.com\bkmoovio\ach\batchTEL.go:17.45,22.2 4 1
github.com\bkmoovio\ach\batchTEL.go:25.41,27.39 1 1
github.com\bkmoovio\ach\batchTEL.go:32.2,32.48 1 1
github.com\bkmoovio\ach\batchTEL.go:37.2,37.50 1 1
github.com\bkmoovio\ach\batchTEL.go:42.2,42.38 1 1
github.com\bkmoovio\ach\batchTEL.go:49.2,49.34 1 1
github.com\bkmoovio\ach\batchTEL.go:27.39,29.3 1 1
github.com\bkmoovio\ach\batchTEL.go:32.48,34.3 1 1
github.com\bkmoovio\ach\batchTEL.go:37.50,40.3 2 1
github.com\bkmoovio\ach\batchTEL.go:42.38,43.35 1 1
github.com\bkmoovio\ach\batchTEL.go:43.35,46.4 2 1
github.com\bkmoovio\ach\batchTEL.go:53.39,55.38 1 1
github.com\bkmoovio\ach\batchTEL.go:59.2,59.25 1 1
github.com\bkmoovio\ach\batchTEL.go:55.38,57.3 1 1
github.com\bkmoovio\ach\batcher.go:39.37,41.2 1 1
github.com\bkmoovio\ach\converters.go:16.54,19.2 2 1
github.com\bkmoovio\ach\converters.go:21.60,24.2 2 1
github.com\bkmoovio\ach\converters.go:27.59,29.2 1 1
github.com\bkmoovio\ach\converters.go:32.58,35.2 2 1
github.com\bkmoovio\ach\converters.go:38.59,40.2 1 1
github.com\bkmoovio\ach\converters.go:43.58,46.2 2 1
github.com\bkmoovio\ach\converters.go:49.60,51.14 2 1
github.com\bkmoovio\ach\converters.go:54.2,55.10 2 1
github.com\bkmoovio\ach\converters.go:51.14,53.3 1 1
github.com\bkmoovio\ach\converters.go:59.59,62.14 3 1
github.com\bkmoovio\ach\converters.go:65.2,66.10 2 1
github.com\bkmoovio\ach\converters.go:62.14,64.3 1 1
github.com\bkmoovio\ach\converters.go:70.64,72.14 2 1
github.com\bkmoovio\ach\converters.go:75.2,76.10 2 1
github.com\bkmoovio\ach\converters.go:72.14,74.3 1 1
github.com\bkmoovio\ach\addenda05.go:39.32,44.2 4 1
github.com\bkmoovio\ach\addenda05.go:47.50,59.2 5 1
github.com\bkmoovio\ach\addenda05.go:62.45,69.2 1 1
github.com\bkmoovio\ach\addenda05.go:73.46,74.51 1 1
github.com\bkmoovio\ach\addenda05.go:77.2,77.33 1 1
github.com\bkmoovio\ach\addenda05.go:81.2,81.65 1 1
github.com\bkmoovio\ach\addenda05.go:84.2,84.86 1 1
github.com\bkmoovio\ach\addenda05.go:88.2,88.12 1 1
github.com\bkmoovio\ach\addenda05.go:74.51,76.3 1 1
github.com\bkmoovio\ach\addenda05.go:77.33,80.3 2 1
github.com\bkmoovio\ach\addenda05.go:81.65,83.3 1 1
github.com\bkmoovio\ach\addenda05.go:84.86,86.3 1 1
github.com\bkmoovio\ach\addenda05.go:93.52,94.32 1 1
github.com\bkmoovio\ach\addenda05.go:97.2,97.30 1 1
github.com\bkmoovio\ach\addenda05.go:100.2,100.35 1 1
github.com\bkmoovio\ach\addenda05.go:103.2,103.46 1 1
github.com\bkmoovio\ach\addenda05.go:106.2,106.12 1 1
github.com\bkmoovio\ach\addenda05.go:94.32,96.3 1 1
github.com\bkmoovio\ach\addenda05.go:97.30,99.3 1 1
github.com\bkmoovio\ach\addenda05.go:100.35,102.3 1 1
github.com\bkmoovio\ach\addenda05.go:103.46,105.3 1 1
github.com\bkmoovio\ach\addenda05.go:110.69,112.2 1 1
github.com\bkmoovio\ach\addenda05.go:115.58,117.2 1 1
github.com\bkmoovio\ach\addenda05.go:120.69,122.2 1 1
github.com\bkmoovio\ach\addenda05.go:125.47,127.2 1 1
github.com\bkmoovio\ach\batchARC.go:27.45,32.2 4 1
github.com\bkmoovio\ach\batchARC.go:35.41,37.39 1 1
github.com\bkmoovio\ach\batchARC.go:43.2,43.48 1 1
github.com\bkmoovio\ach\batchARC.go:48.2,48.50 1 1
github.com\bkmoovio\ach\batchARC.go:54.2,54.39 1 1
github.com\bkmoovio\ach\batchARC.go:60.2,60.38 1 1
github.com\bkmoovio\ach\batchARC.go:79.2,79.12 1 1
github.com\bkmoovio\ach\batchARC.go:37.39,39.3 1 1
github.com\bkmoovio\ach\batchARC.go:43.48,45.3 1 1
github.com\bkmoovio\ach\batchARC.go:48.50,51.3 2 1
github.com\bkmoovio\ach\batchARC.go:55.21,57.101 2 1
github.com\bkmoovio\ach\batchARC.go:60.38,62.35 1 1
github.com\bkmoovio\ach\batchARC.go:68.3,68.29 1 1
github.com\bkmoovio\ach\batchARC.go:74.3,74.39 1 1
github.com\bkmoovio\ach\batchARC.go:62.35,65.4 2 1
github.com\bkmoovio\ach\batchARC.go:68.29,71.4 2 1
github.com\bkmoovio\ach\batchARC.go:74.39,77.4 2 1
github.com\bkmoovio\ach\batchARC.go:83.39,85.38 1 1
github.com\bkmoovio\ach\batchARC.go:91.2,91.25 1 1
github.com\bkmoovio\ach\batchARC.go:85.38,87.3 1 1
github.com\bkmoovio\ach\batchHeader.go:110.36,117.2 2 1
github.com\bkmoovio\ach\batchHeader.go:120.45,155.2 13 1
github.com\bkmoovio\ach\batchHeader.go:158.40,174.2 1 1
github.com\bkmoovio\ach\batchHeader.go:178.41,179.44 1 1
github.com\bkmoovio\ach\batchHeader.go:182.2,182.26 1 1
github.com\bkmoovio\ach\batchHeader.go:186.2,186.63 1 1
github.com\bkmoovio\ach\batchHeader.go:189.2,189.64 1 1
github.com\bkmoovio\ach\batchHeader.go:192.2,192.75 1 1
github.com\bkmoovio\ach\batchHeader.go:195.2,195.58 1 1
github.com\bkmoovio\ach\batchHeader.go:198.2,198.71 1 1
github.com\bkmoovio\ach\batchHeader.go:201.2,201.68 1 1
github.com\bkmoovio\ach\batchHeader.go:204.2,204.70 1 1
github.com\bkmoovio\ach\batchHeader.go:207.2,207.12 1 1
github.com\bkmoovio\ach\batchHeader.go:179.44,181.3 1 1
github.com\bkmoovio\ach\batchHeader.go:182.26,185.3 2 1
github.com\bkmoovio\ach\batchHeader.go:186.63,188.3 1 1
github.com\bkmoovio\ach\batchHeader.go:189.64,191.3 1 1
github.com\bkmoovio\ach\batchHeader.go:192.75,194.3 1 1
github.com\bkmoovio\ach\batchHeader.go:195.58,197.3 1 1
github.com\bkmoovio\ach\batchHeader.go:198.71,200.3 1 1
github.com\bkmoovio\ach\batchHeader.go:201.68,203.3 1 1
github.com\bkmoovio\ach\batchHeader.go:204.70,206.3 1 1
github.com\bkmoovio\ach\batchHeader.go:212.47,213.25 1 1
github.com\bkmoovio\ach\batchHeader.go:216.2,216.30 1 1
github.com\bkmoovio\ach\batchHeader.go:219.2,219.26 1 1
github.com\bkmoovio\ach\batchHeader.go:222.2,222.36 1 1
github.com\bkmoovio\ach\batchHeader.go:225.2,225.37 1 1
github.com\bkmoovio\ach\batchHeader.go:228.2,228.38 1 1
github.com\bkmoovio\ach\batchHeader.go:231.2,231.33 1 1
github.com\bkmoovio\ach\batchHeader.go:234.2,234.12 1 1
github.com\bkmoovio\ach\batchHeader.go:213.25,215.3 1 1
github.com\bkmoovio\ach\batchHeader.go:216.30,218.3 1 1
github.com\bkmoovio\ach\batchHeader.go:219.26,221.3 1 1
github.com\bkmoovio\ach\batchHeader.go:222.36,224.3 1 1
github.com\bkmoovio\ach\batchHeader.go:225.37,227.3 1 1
github.com\bkmoovio\ach\batchHeader.go:228.38,230.3 1 1
github.com\bkmoovio\ach\batchHeader.go:231.33,233.3 1 1
github.com\bkmoovio\ach\batchHeader.go:238.50,240.2 1 1
github.com\bkmoovio\ach\batchHeader.go:243.63,245.2 1 1
github.com\bkmoovio\ach\batchHeader.go:248.60,250.2 1 1
github.com\bkmoovio\ach\batchHeader.go:253.62,255.2 1 1
github.com\bkmoovio\ach\batchHeader.go:258.61,260.2 1 1
github.com\bkmoovio\ach\batchHeader.go:263.57,265.2 1 1
github.com\bkmoovio\ach\batchHeader.go:268.57,270.2 1 1
github.com\bkmoovio\ach\batchHeader.go:273.50,275.2 1 1
github.com\bkmoovio\ach\batchHeader.go:277.53,279.2 1 1
github.com\bkmoovio\ach\fileHeader.go:96.33,106.2 2 1
github.com\bkmoovio\ach\fileHeader.go:109.44,137.2 13 1
github.com\bkmoovio\ach\fileHeader.go:140.39,157.2 1 1
github.com\bkmoovio\ach\fileHeader.go:161.40,163.44 1 1
github.com\bkmoovio\ach\fileHeader.go:166.2,166.26 1 1
github.com\bkmoovio\ach\fileHeader.go:170.2,170.66 1 1
github.com\bkmoovio\ach\fileHeader.go:173.2,173.33 1 1
github.com\bkmoovio\ach\fileHeader.go:177.2,177.28 1 1
github.com\bkmoovio\ach\fileHeader.go:180.2,180.31 1 1
github.com\bkmoovio\ach\fileHeader.go:183.2,183.26 1 1
github.com\bkmoovio\ach\fileHeader.go:186.2,186.71 1 1
github.com\bkmoovio\ach\fileHeader.go:189.2,189.39 1 1
github.com\bkmoovio\ach\fileHeader.go:192.2,192.44 1 1
github.com\bkmoovio\ach\fileHeader.go:195.2,195.66 1 1
github.com\bkmoovio\ach\fileHeader.go:198.2,198.60 1 1
github.com\bkmoovio\ach\fileHeader.go:208.2,208.12 1 1
github.com\bkmoovio\ach\fileHeader.go:163.44,165.3 1 1
github.com\bkmoovio\ach\fileHeader.go:166.26,169.3 2 1
github.com\bkmoovio\ach\fileHeader.go:170.66,172.3 1 1
github.com\bkmoovio\ach\fileHeader.go:173.33,176.3 2 1
github.com\bkmoovio\ach\fileHeader.go:177.28,179.3 1 1
github.com\bkmoovio\ach\fileHeader.go:180.31,182.3 1 1
github.com\bkmoovio\ach\fileHeader.go:183.26,185.3 1 1
github.com\bkmoovio\ach\fileHeader.go:186.71,188.3 1 1
github.com\bkmoovio\ach\fileHeader.go:189.39,191.3 1 1
github.com\bkmoovio\ach\fileHeader.go:192.44,194.3 1 1
github.com\bkmoovio\ach\fileHeader.go:195.66,197.3 1 1
github.com\bkmoovio\ach\fileHeader.go:198.60,200.3 1 1
github.com\bkmoovio\ach\fileHeader.go:213.46,214.25 1 1
github.com\bkmoovio\ach\fileHeader.go:217.2,217.35 1 1
github.com\bkmoovio\ach\fileHeader.go:220.2,220.30 1 1
github.com\bkmoovio\ach\fileHeader.go:223.2,223.34 1 1
github.com\bkmoovio\ach\fileHeader.go:226.2,226.29 1 1
github.com\bkmoovio\ach\fileHeader.go:229.2,229.25 1 1
github.com\bkmoovio\ach\fileHeader.go:232.2,232.29 1 1
github.com\bkmoovio\ach\fileHeader.go:235.2,235.25 1 1
github.com\bkmoovio\ach\fileHeader.go:238.2,238.12 1 1
github.com\bkmoovio\ach\fileHeader.go:214.25,216.3 1 1
github.com\bkmoovio\ach\fileHeader.go:217.35,219.3 1 1
github.com\bkmoovio\ach\fileHeader.go:220.30,222.3 1 1
github.com\bkmoovio\ach\fileHeader.go:223.34,225.3 1 1
github.com\bkmoovio\ach\fileHeader.go:226.29,228.3 1 1
github.com\bkmoovio\ach\fileHeader.go:229.25,231.3 1 1
github.com\bkmoovio\ach\fileHeader.go:232.29,234.3 1 1
github.com\bkmoovio\ach\fileHeader.go:235.25,237.3 1 1
github.com\bkmoovio\ach\fileHeader.go:242.58,244.2 1 1
github.com\bkmoovio\ach\fileHeader.go:247.53,249.2 1 1
github.com\bkmoovio\ach\fileHeader.go:252.54,254.2 1 1
github.com\bkmoovio\ach\fileHeader.go:257.54,259.2 1 1
github.com\bkmoovio\ach\fileHeader.go:262.62,264.2 1 1
github.com\bkmoovio\ach\fileHeader.go:267.57,269.2 1 1
github.com\bkmoovio\ach\fileHeader.go:272.51,274.2 1 1
github.com\bkmoovio\ach\writer.go:24.37,28.2 1 1
github.com\bkmoovio\ach\writer.go:31.42,32.40 1 1
github.com\bkmoovio\ach\writer.go:36.2,38.72 2 1
github.com\bkmoovio\ach\writer.go:41.2,43.37 2 1
github.com\bkmoovio\ach\writer.go:65.2,65.73 1 1
github.com\bkmoovio\ach\writer.go:68.2,71.64 2 1
github.com\bkmoovio\ach\writer.go:77.2,77.12 1 1
github.com\bkmoovio\ach\writer.go:32.40,34.3 1 0
github.com\bkmoovio\ach\writer.go:38.72,40.3 1 0
github.com\bkmoovio\ach\writer.go:43.37,44.79 1 1
github.com\bkmoovio\ach\writer.go:47.3,48.44 2 1
github.com\bkmoovio\ach\writer.go:60.3,60.80 1 1
github.com\bkmoovio\ach\writer.go:63.3,63.14 1 1
github.com\bkmoovio\ach\writer.go:44.79,46.4 1 0
github.com\bkmoovio\ach\writer.go:48.44,49.68 1 1
github.com\bkmoovio\ach\writer.go:52.4,53.43 2 1
github.com\bkmoovio\ach\writer.go:49.68,51.5 1 0
github.com\bkmoovio\ach\writer.go:53.43,54.71 1 1
github.com\bkmoovio\ach\writer.go:57.5,57.16 1 1
github.com\bkmoovio\ach\writer.go:54.71,56.6 1 0
github.com\bkmoovio\ach\writer.go:60.80,62.4 1 0
github.com\bkmoovio\ach\writer.go:65.73,67.3 1 0
github.com\bkmoovio\ach\writer.go:71.64,72.76 1 1
github.com\bkmoovio\ach\writer.go:72.76,74.4 1 0
github.com\bkmoovio\ach\writer.go:82.26,84.2 1 1
github.com\bkmoovio\ach\writer.go:87.32,90.2 2 0
github.com\bkmoovio\ach\writer.go:93.48,94.29 1 1
github.com\bkmoovio\ach\writer.go:102.2,102.20 1 1
github.com\bkmoovio\ach\writer.go:94.29,98.17 2 1
github.com\bkmoovio\ach\writer.go:98.17,100.4 1 0
github.com\bkmoovio\ach\batchBOC.go:32.45,37.2 4 1
github.com\bkmoovio\ach\batchBOC.go:40.41,42.39 1 1
github.com\bkmoovio\ach\batchBOC.go:48.2,48.48 1 1
github.com\bkmoovio\ach\batchBOC.go:53.2,53.50 1 1
github.com\bkmoovio\ach\batchBOC.go:59.2,59.39 1 1
github.com\bkmoovio\ach\batchBOC.go:65.2,65.38 1 1
github.com\bkmoovio\ach\batchBOC.go:84.2,84.12 1 1
github.com\bkmoovio\ach\batchBOC.go:42.39,44.3 1 1
github.com\bkmoovio\ach\batchBOC.go:48.48,50.3 1 1
github.com\bkmoovio\ach\batchBOC.go:53.50,56.3 2 1
github.com\bkmoovio\ach\batchBOC.go:60.21,62.101 2 1
github.com\bkmoovio\ach\batchBOC.go:65.38,67.35 1 1
github.com\bkmoovio\ach\batchBOC.go:73.3,73.29 1 1
github.com\bkmoovio\ach\batchBOC.go:79.3,79.39 1 1
github.com\bkmoovio\ach\batchBOC.go:67.35,70.4 2 1
github.com\bkmoovio\ach\batchBOC.go:73.29,76.4 2 1
github.com\bkmoovio\ach\batchBOC.go:79.39,82.4 2 1
github.com\bkmoovio\ach\batchBOC.go:88.39,90.38 1 1
github.com\bkmoovio\ach\batchBOC.go:96.2,96.25 1 1
github.com\bkmoovio\ach\batchBOC.go:90.38,92.3 1 1
github.com\bkmoovio\ach\batchCCD.go:19.45,24.2 4 1
github.com\bkmoovio\ach\batchCCD.go:27.41,29.39 1 1
github.com\bkmoovio\ach\batchCCD.go:34.2,34.48 1 1
github.com\bkmoovio\ach\batchCCD.go:37.2,37.47 1 1
github.com\bkmoovio\ach\batchCCD.go:42.2,42.50 1 1
github.com\bkmoovio\ach\batchCCD.go:47.2,47.12 1 1
github.com\bkmoovio\ach\batchCCD.go:29.39,31.3 1 1
github.com\bkmoovio\ach\batchCCD.go:34.48,36.3 1 1
github.com\bkmoovio\ach\batchCCD.go:37.47,39.3 1 1
github.com\bkmoovio\ach\batchCCD.go:42.50,45.3 2 1
github.com\bkmoovio\ach\batchCCD.go:51.39,53.38 1 1
github.com\bkmoovio\ach\batchCCD.go:57.2,57.25 1 1
github.com\bkmoovio\ach\batchCCD.go:53.38,55.3 1 1
github.com\bkmoovio\ach\batchPPD.go:13.45,18.2 4 1
github.com\bkmoovio\ach\batchPPD.go:21.41,23.39 1 1
github.com\bkmoovio\ach\batchPPD.go:29.2,29.48 1 1
github.com\bkmoovio\ach\batchPPD.go:32.2,32.47 1 1
github.com\bkmoovio\ach\batchPPD.go:38.2,38.12 1 1
github.com\bkmoovio\ach\batchPPD.go:23.39,25.3 1 1
github.com\bkmoovio\ach\batchPPD.go:29.48,31.3 1 0
github.com\bkmoovio\ach\batchPPD.go:32.47,34.3 1 1
github.com\bkmoovio\ach\batchPPD.go:42.39,44.38 1 1
github.com\bkmoovio\ach\batchPPD.go:50.2,50.25 1 1
github.com\bkmoovio\ach\batchPPD.go:44.38,46.3 1 1
github.com\bkmoovio\ach\file.go:50.36,52.2 1 1
github.com\bkmoovio\ach\file.go:70.22,75.2 1 1
github.com\bkmoovio\ach\file.go:78.31,80.44 1 1
github.com\bkmoovio\ach\file.go:84.2,84.25 1 1
github.com\bkmoovio\ach\file.go:88.2,94.34 7 1
github.com\bkmoovio\ach\file.go:110.2,113.36 3 1
github.com\bkmoovio\ach\file.go:118.2,124.12 6 1
github.com\bkmoovio\ach\file.go:80.44,82.3 1 1
github.com\bkmoovio\ach\file.go:84.25,86.3 1 1
github.com\bkmoovio\ach\file.go:94.34,108.3 8 1
github.com\bkmoovio\ach\file.go:113.36,115.3 1 1
github.com\bkmoovio\ach\file.go:115.3,117.3 1 1
github.com\bkmoovio\ach\file.go:128.50,129.22 1 1
github.com\bkmoovio\ach\file.go:133.2,133.40 1 1
github.com\bkmoovio\ach\file.go:136.2,137.18 2 1
github.com\bkmoovio\ach\file.go:130.17,131.77 1 1
github.com\bkmoovio\ach\file.go:133.40,135.3 1 1
github.com\bkmoovio\ach\file.go:141.46,144.2 2 1
github.com\bkmoovio\ach\file.go:147.33,149.44 1 1
github.com\bkmoovio\ach\file.go:154.2,154.48 1 1
github.com\bkmoovio\ach\file.go:158.2,158.41 1 1
github.com\bkmoovio\ach\file.go:162.2,162.24 1 1
github.com\bkmoovio\ach\file.go:149.44,152.3 2 1
github.com\bkmoovio\ach\file.go:154.48,156.3 1 1
github.com\bkmoovio\ach\file.go:158.41,160.3 1 1
github.com\bkmoovio\ach\file.go:167.44,170.34 2 1
github.com\bkmoovio\ach\file.go:173.2,173.42 1 1
github.com\bkmoovio\ach\file.go:177.2,177.12 1 1
github.com\bkmoovio\ach\file.go:170.34,172.3 1 1
github.com\bkmoovio\ach\file.go:173.42,176.3 2 1
github.com\bkmoovio\ach\file.go:182.37,185.34 3 1
github.com\bkmoovio\ach\file.go:189.2,189.58 1 1
github.com\bkmoovio\ach\file.go:193.2,193.60 1 1
github.com\bkmoovio\ach\file.go:197.2,197.12 1 1
github.com\bkmoovio\ach\file.go:185.34,188.3 2 1
github.com\bkmoovio\ach\file.go:189.58,192.3 2 1
github.com\bkmoovio\ach\file.go:193.60,196.3 2 1
github.com\bkmoovio\ach\file.go:201.36,203.45 2 1
github.com\bkmoovio\ach\file.go:207.2,207.12 1 1
github.com\bkmoovio\ach\file.go:203.45,206.3 2 1
github.com\bkmoovio\ach\file.go:212.44,214.34 2 1
github.com\bkmoovio\ach\file.go:217.2,217.33 1 1
github.com\bkmoovio\ach\file.go:214.34,216.3 1 1
github.com\bkmoovio\ach\fileControl.go:44.45,62.2 8 1
github.com\bkmoovio\ach\fileControl.go:65.35,70.2 1 1
github.com\bkmoovio\ach\fileControl.go:73.40,84.2 1 1
github.com\bkmoovio\ach\fileControl.go:88.41,89.44 1 1
github.com\bkmoovio\ach\fileControl.go:92.2,92.26 1 1
github.com\bkmoovio\ach\fileControl.go:96.2,96.12 1 1
github.com\bkmoovio\ach\fileControl.go:89.44,91.3 1 1
github.com\bkmoovio\ach\fileControl.go:92.26,95.3 2 1
github.com\bkmoovio\ach\fileControl.go:101.47,102.25 1 1
github.com\bkmoovio\ach\fileControl.go:105.2,105.24 1 1
github.com\bkmoovio\ach\fileControl.go:108.2,108.24 1 1
github.com\bkmoovio\ach\fileControl.go:111.2,111.31 1 1
github.com\bkmoovio\ach\fileControl.go:114.2,114.23 1 1
github.com\bkmoovio\ach\fileControl.go:117.2,117.12 1 1
github.com\bkmoovio\ach\fileControl.go:102.25,104.3 1 1
github.com\bkmoovio\ach\fileControl.go:105.24,107.3 1 1
github.com\bkmoovio\ach\fileControl.go:108.24,110.3 1 1
github.com\bkmoovio\ach\fileControl.go:111.31,113.3 1 1
github.com\bkmoovio\ach\fileControl.go:114.23,116.3 1 1
github.com\bkmoovio\ach\fileControl.go:121.49,123.2 1 1
github.com\bkmoovio\ach\fileControl.go:126.49,128.2 1 1
github.com\bkmoovio\ach\fileControl.go:131.56,133.2 1 1
github.com\bkmoovio\ach\fileControl.go:136.48,138.2 1 1
github.com\bkmoovio\ach\fileControl.go:141.72,143.2 1 1
github.com\bkmoovio\ach\fileControl.go:146.73,148.2 1 1
github.com\bkmoovio\ach\reader.go:22.37,23.20 1 1
github.com\bkmoovio\ach\reader.go:26.2,26.79 1 1
github.com\bkmoovio\ach\reader.go:23.20,25.3 1 1
github.com\bkmoovio\ach\reader.go:46.41,52.2 1 1
github.com\bkmoovio\ach\reader.go:56.49,58.2 1 1
github.com\bkmoovio\ach\reader.go:61.37,65.2 1 1
github.com\bkmoovio\ach\reader.go:70.39,73.23 2 1
github.com\bkmoovio\ach\reader.go:94.2,94.37 1 1
github.com\bkmoovio\ach\reader.go:99.2,99.39 1 1
github.com\bkmoovio\ach\reader.go:105.2,105.20 1 1
github.com\bkmoovio\ach\reader.go:73.23,78.10 4 1
github.com\bkmoovio\ach\reader.go:79.84,80.57 1 1
github.com\bkmoovio\ach\reader.go:83.35,86.31 3 1
github.com\bkmoovio\ach\reader.go:87.11,89.40 2 1
github.com\bkmoovio\ach\reader.go:80.57,82.5 1 1
github.com\bkmoovio\ach\reader.go:89.40,91.5 1 1
github.com\bkmoovio\ach\reader.go:94.37,98.3 2 1
github.com\bkmoovio\ach\reader.go:99.39,103.3 2 1
github.com\bkmoovio\ach\reader.go:108.60,111.26 2 1
github.com\bkmoovio\ach\reader.go:121.2,121.12 1 1
github.com\bkmoovio\ach\reader.go:111.26,113.39 2 1
github.com\bkmoovio\ach\reader.go:113.39,115.40 2 1
github.com\bkmoovio\ach\reader.go:118.4,118.15 1 1
github.com\bkmoovio\ach\reader.go:115.40,117.5 1 1
github.com\bkmoovio\ach\reader.go:124.36,125.20 1 1
github.com\bkmoovio\ach\reader.go:164.2,164.12 1 1
github.com\bkmoovio\ach\reader.go:126.21,127.45 1 1
github.com\bkmoovio\ach\reader.go:130.22,131.46 1 1
github.com\bkmoovio\ach\reader.go:134.22,135.46 1 1
github.com\bkmoovio\ach\reader.go:138.23,139.42 1 1
github.com\bkmoovio\ach\reader.go:142.23,143.47 1 1
github.com\bkmoovio\ach\reader.go:146.3,146.51 1 1
github.com\bkmoovio\ach\reader.go:150.3,151.23 2 1
github.com\bkmoovio\ach\reader.go:152.22,153.25 1 1
github.com\bkmoovio\ach\reader.go:157.3,157.46 1 1
github.com\bkmoovio\ach\reader.go:160.10,162.83 2 1
github.com\bkmoovio\ach\reader.go:127.45,129.4 1 1
github.com\bkmoovio\ach\reader.go:131.46,133.4 1 1
github.com\bkmoovio\ach\reader.go:135.46,137.4 1 1
github.com\bkmoovio\ach\reader.go:139.42,141.4 1 1
github.com\bkmoovio\ach\reader.go:143.47,145.4 1 1
github.com\bkmoovio\ach\reader.go:146.51,149.4 2 1
github.com\bkmoovio\ach\reader.go:153.25,155.9 1 1
github.com\bkmoovio\ach\reader.go:157.46,159.4 1 1
github.com\bkmoovio\ach\reader.go:168.42,170.37 2 1
github.com\bkmoovio\ach\reader.go:174.2,176.49 2 1
github.com\bkmoovio\ach\reader.go:179.2,179.12 1 1
github.com\bkmoovio\ach\reader.go:170.37,173.3 1 1
github.com\bkmoovio\ach\reader.go:176.49,178.3 1 1
github.com\bkmoovio\ach\reader.go:183.43,185.27 2 1
github.com\bkmoovio\ach\reader.go:191.2,193.38 3 1
github.com\bkmoovio\ach\reader.go:198.2,199.16 2 1
github.com\bkmoovio\ach\reader.go:203.2,204.12 2 1
github.com\bkmoovio\ach\reader.go:185.27,188.3 1 1
github.com\bkmoovio\ach\reader.go:193.38,195.3 1 1
github.com\bkmoovio\ach\reader.go:199.16,201.3 1 0
github.com\bkmoovio\ach\reader.go:208.43,210.27 2 1
github.com\bkmoovio\ach\reader.go:213.2,215.38 3 1
github.com\bkmoovio\ach\reader.go:218.2,219.12 2 1
github.com\bkmoovio\ach\reader.go:210.27,212.3 1 1
github.com\bkmoovio\ach\reader.go:215.38,217.3 1 0
github.com\bkmoovio\ach\reader.go:223.39,226.27 2 1
github.com\bkmoovio\ach\reader.go:230.2,230.43 1 1
github.com\bkmoovio\ach\reader.go:233.2,236.39 3 1
github.com\bkmoovio\ach\reader.go:265.2,265.12 1 1
github.com\bkmoovio\ach\reader.go:226.27,229.3 2 1
github.com\bkmoovio\ach\reader.go:230.43,232.3 1 1
github.com\bkmoovio\ach\reader.go:236.39,237.22 1 1
github.com\bkmoovio\ach\reader.go:238.13,241.47 3 1
github.com\bkmoovio\ach\reader.go:244.4,244.65 1 1
github.com\bkmoovio\ach\reader.go:245.13,248.47 3 1
github.com\bkmoovio\ach\reader.go:251.4,251.65 1 1
github.com\bkmoovio\ach\reader.go:252.13,255.47 3 1
github.com\bkmoovio\ach\reader.go:258.4,258.65 1 1
github.com\bkmoovio\ach\reader.go:241.47,243.5 1 1
github.com\bkmoovio\ach\reader.go:248.47,250.5 1 0
github.com\bkmoovio\ach\reader.go:255.47,257.5 1 0
github.com\bkmoovio\ach\reader.go:260.3,263.3 2 1
github.com\bkmoovio\ach\reader.go:269.44,271.27 2 1
github.com\bkmoovio\ach\reader.go:275.2,276.63 2 1
github.com\bkmoovio\ach\reader.go:279.2,279.12 1 1
github.com\bkmoovio\ach\reader.go:271.27,274.3 1 1
github.com\bkmoovio\ach\reader.go:276.63,278.3 1 1
github.com\bkmoovio\ach\reader.go:283.43,285.39 2 1
github.com\bkmoovio\ach\reader.go:289.2,290.50 2 1
github.com\bkmoovio\ach\reader.go:293.2,293.12 1 1
github.com\bkmoovio\ach\reader.go:285.39,288.3 1 1
github.com\bkmoovio\ach\reader.go:290.50,292.3 1 1
github.com\bkmoovio\ach\validators.go:34.37,36.2 1 1
github.com\bkmoovio\ach\validators.go:53.52,54.14 1 1
github.com\bkmoovio\ach\validators.go:66.2,66.36 1 1
github.com\bkmoovio\ach\validators.go:63.7,64.13 1 1
github.com\bkmoovio\ach\validators.go:70.50,71.14 1 1
github.com\bkmoovio\ach\validators.go:77.2,77.31 1 1
github.com\bkmoovio\ach\validators.go:74.86,75.13 1 1
github.com\bkmoovio\ach\validators.go:83.51,84.14 1 1
github.com\bkmoovio\ach\validators.go:100.2,100.39 1 1
github.com\bkmoovio\ach\validators.go:97.8,98.13 1 1
github.com\bkmoovio\ach\validators.go:121.55,122.14 1 1
github.com\bkmoovio\ach\validators.go:229.2,229.39 1 1
github.com\bkmoovio\ach\validators.go:226.6,227.13 1 1
github.com\bkmoovio\ach\validators.go:233.60,234.14 1 1
github.com\bkmoovio\ach\validators.go:244.2,244.38 1 1
github.com\bkmoovio\ach\validators.go:241.5,242.13 1 1
github.com\bkmoovio\ach\validators.go:248.57,249.43 1 1
github.com\bkmoovio\ach\validators.go:252.2,252.12 1 1
github.com\bkmoovio\ach\validators.go:249.43,251.3 1 1
github.com\bkmoovio\ach\validators.go:256.52,257.38 1 1
github.com\bkmoovio\ach\validators.go:261.2,261.12 1 1
github.com\bkmoovio\ach\validators.go:257.38,260.3 1 1
github.com\bkmoovio\ach\validators.go:271.67,273.25 2 1
github.com\bkmoovio\ach\validators.go:276.2,293.31 17 1
github.com\bkmoovio\ach\validators.go:273.25,275.3 1 1
github.com\bkmoovio\ach\validators.go:297.42,299.2 1 1
github.com\bkmoovio\ach\batch.go:28.49,29.35 1 1
github.com\bkmoovio\ach\batch.go:52.2,53.71 2 1
github.com\bkmoovio\ach\batch.go:30.13,31.30 1 1
github.com\bkmoovio\ach\batch.go:32.13,33.30 1 1
github.com\bkmoovio\ach\batch.go:34.13,35.30 1 1
github.com\bkmoovio\ach\batch.go:36.13,37.30 1 1
github.com\bkmoovio\ach\batch.go:38.13,39.30 1 1
github.com\bkmoovio\ach\batch.go:40.13,41.30 1 1
github.com\bkmoovio\ach\batch.go:42.13,43.30 1 1
github.com\bkmoovio\ach\batch.go:44.13,45.30 1 1
github.com\bkmoovio\ach\batch.go:46.13,47.30 1 1
github.com\bkmoovio\ach\batch.go:48.13,49.30 1 1
github.com\bkmoovio\ach\batch.go:50.10,50.10 0 1
github.com\bkmoovio\ach\batch.go:57.36,61.49 2 1
github.com\bkmoovio\ach\batch.go:69.2,69.69 1 1
github.com\bkmoovio\ach\batch.go:74.2,74.79 1 1
github.com\bkmoovio\ach\batch.go:79.2,79.73 1 1
github.com\bkmoovio\ach\batch.go:84.2,84.59 1 1
github.com\bkmoovio\ach\batch.go:89.2,89.50 1 1
github.com\bkmoovio\ach\batch.go:93.2,93.52 1 1
github.com\bkmoovio\ach\batch.go:97.2,97.46 1 1
github.com\bkmoovio\ach\batch.go:101.2,101.44 1 1
github.com\bkmoovio\ach\batch.go:105.2,105.48 1 1
github.com\bkmoovio\ach\batch.go:109.2,109.50 1 1
github.com\bkmoovio\ach\batch.go:113.2,113.50 1 1
github.com\bkmoovio\ach\batch.go:116.2,116.27 1 1
github.com\bkmoovio\ach\batch.go:61.49,63.37 1 1
github.com\bkmoovio\ach\batch.go:66.3,66.90 1 0
github.com\bkmoovio\ach\batch.go:63.37,65.4 1 1
github.com\bkmoovio\ach\batch.go:69.69,72.3 2 1
github.com\bkmoovio\ach\batch.go:74.79,77.3 2 1
github.com\bkmoovio\ach\batch.go:79.73,82.3 2 1
github.com\bkmoovio\ach\batch.go:84.59,87.3 2 1
github.com\bkmoovio\ach\batch.go:89.50,91.3 1 1
github.com\bkmoovio\ach\batch.go:93.52,95.3 1 1
github.com\bkmoovio\ach\batch.go:97.46,99.3 1 1
github.com\bkmoovio\ach\batch.go:101.44,103.3 1 1
github.com\bkmoovio\ach\batch.go:105.48,107.3 1 1
github.com\bkmoovio\ach\batch.go:109.50,111.3 1 1
github.com\bkmoovio\ach\batch.go:113.50,115.3 1 1
github.com\bkmoovio\ach\batch.go:121.35,123.48 1 1
github.com\bkmoovio\ach\batch.go:126.2,126.29 1 1
github.com\bkmoovio\ach\batch.go:130.2,132.38 3 1
github.com\bkmoovio\ach\batch.go:161.2,171.12 10 1
github.com\bkmoovio\ach\batch.go:123.48,125.3 1 1
github.com\bkmoovio\ach\batch.go:126.29,128.3 1 1
github.com\bkmoovio\ach\batch.go:132.38,135.17 3 1
github.com\bkmoovio\ach\batch.go:139.3,140.17 2 1
github.com\bkmoovio\ach\batch.go:145.3,145.48 1 1
github.com\bkmoovio\ach\batch.go:148.3,150.33 3 1
github.com\bkmoovio\ach\batch.go:135.17,137.4 1 0
github.com\bkmoovio\ach\batch.go:140.17,142.4 1 0
github.com\bkmoovio\ach\batch.go:145.48,147.4 1 1
github.com\bkmoovio\ach\batch.go:150.33,152.62 1 1
github.com\bkmoovio\ach\batch.go:156.4,156.16 1 1
github.com\bkmoovio\ach\batch.go:152.62,155.5 2 1
github.com\bkmoovio\ach\batch.go:175.57,177.2 1 1
github.com\bkmoovio\ach\batch.go:180.46,182.2 1 1
github.com\bkmoovio\ach\batch.go:185.60,187.2 1 1
github.com\bkmoovio\ach\batch.go:190.48,192.2 1 1
github.com\bkmoovio\ach\batch.go:195.49,197.2 1 1
github.com\bkmoovio\ach\batch.go:200.50,203.2 2 1
github.com\bkmoovio\ach\batch.go:206.39,208.2 1 1
github.com\bkmoovio\ach\batch.go:211.46,212.48 1 1
github.com\bkmoovio\ach\batch.go:215.2,215.38 1 1
github.com\bkmoovio\ach\batch.go:225.2,225.33 1 1
github.com\bkmoovio\ach\batch.go:212.48,214.3 1 1
github.com\bkmoovio\ach\batch.go:215.38,216.42 1 1
github.com\bkmoovio\ach\batch.go:219.3,219.42 1 1
github.com\bkmoovio\ach\batch.go:216.42,218.4 1 1
github.com\bkmoovio\ach\batch.go:219.42,220.45 1 1
github.com\bkmoovio\ach\batch.go:220.45,222.5 1 1
github.com\bkmoovio\ach\batch.go:231.47,233.38 2 1
github.com\bkmoovio\ach\batch.go:236.2,236.51 1 1
github.com\bkmoovio\ach\batch.go:240.2,240.12 1 1
github.com\bkmoovio\ach\batch.go:233.38,235.3 1 1
github.com\bkmoovio\ach\batch.go:236.51,239.3 2 1
github.com\bkmoovio\ach\batch.go:246.43,248.56 2 1
github.com\bkmoovio\ach\batch.go:253.2,253.58 1 1
github.com\bkmoovio\ach\batch.go:257.2,257.12 1 1
github.com\bkmoovio\ach\batch.go:248.56,251.3 2 1
github.com\bkmoovio\ach\batch.go:253.58,256.3 2 1
github.com\bkmoovio\ach\batch.go:260.69,261.38 1 1
github.com\bkmoovio\ach\batch.go:269.2,269.22 1 1
github.com\bkmoovio\ach\batch.go:261.38,262.158 1 1
github.com\bkmoovio\ach\batch.go:265.3,265.189 1 1
github.com\bkmoovio\ach\batch.go:262.158,264.4 1 1
github.com\bkmoovio\ach\batch.go:265.189,267.4 1 1
github.com\bkmoovio\ach\batch.go:274.49,276.38 2 1
github.com\bkmoovio\ach\batch.go:283.2,283.12 1 1
github.com\bkmoovio\ach\batch.go:276.38,277.35 1 1
github.com\bkmoovio\ach\batch.go:281.3,281.30 1 1
github.com\bkmoovio\ach\batch.go:277.35,280.4 2 1
github.com\bkmoovio\ach\batch.go:287.41,289.49 2 1
github.com\bkmoovio\ach\batch.go:293.2,293.12 1 1
github.com\bkmoovio\ach\batch.go:289.49,292.3 2 1
github.com\bkmoovio\ach\batch.go:298.49,300.38 2 1
github.com\bkmoovio\ach\batch.go:306.2,306.37 1 1
github.com\bkmoovio\ach\batch.go:300.38,305.3 2 1
github.com\bkmoovio\ach\batch.go:310.45,311.44 1 1
github.com\bkmoovio\ach\batch.go:319.2,319.12 1 1
github.com\bkmoovio\ach\batch.go:311.44,312.39 1 1
github.com\bkmoovio\ach\batch.go:312.39,313.66 1 1
github.com\bkmoovio\ach\batch.go:313.66,316.5 2 1
github.com\bkmoovio\ach\batch.go:324.47,325.38 1 1
github.com\bkmoovio\ach\batch.go:332.2,332.12 1 1
github.com\bkmoovio\ach\batch.go:325.38,326.77 1 1
github.com\bkmoovio\ach\batch.go:326.77,329.4 2 1
github.com\bkmoovio\ach\batch.go:336.47,337.38 1 1
github.com\bkmoovio\ach\batch.go:363.2,363.12 1 1
github.com\bkmoovio\ach\batch.go:337.38,338.30 1 1
github.com\bkmoovio\ach\batch.go:338.30,340.41 1 1
github.com\bkmoovio\ach\batch.go:343.4,345.43 2 1
github.com\bkmoovio\ach\batch.go:340.41,342.5 1 1
github.com\bkmoovio\ach\batch.go:345.43,347.42 1 1
github.com\bkmoovio\ach\batch.go:347.42,349.36 1 1
github.com\bkmoovio\ach\batch.go:353.6,355.79 2 1
github.com\bkmoovio\ach\batch.go:349.36,352.7 2 1
github.com\bkmoovio\ach\batch.go:355.79,358.7 2 1
github.com\bkmoovio\ach\batch.go:369.53,370.38 1 1
github.com\bkmoovio\ach\batch.go:377.2,377.12 1 1
github.com\bkmoovio\ach\batch.go:370.38,371.34 1 1
github.com\bkmoovio\ach\batch.go:371.34,374.4 2 1
github.com\bkmoovio\ach\batch.go:381.55,382.38 1 1
github.com\bkmoovio\ach\batch.go:390.2,390.12 1 1
github.com\bkmoovio\ach\batch.go:382.38,383.42 1 1
github.com\bkmoovio\ach\batch.go:383.42,384.38 1 1
github.com\bkmoovio\ach\batch.go:384.38,387.5 2 1
github.com\bkmoovio\ach\batch.go:394.40,396.28 2 1
github.com\bkmoovio\ach\batch.go:406.2,406.12 1 1
github.com\bkmoovio\ach\batch.go:396.28,397.43 1 1
github.com\bkmoovio\ach\batch.go:397.43,398.48 1 1
github.com\bkmoovio\ach\batch.go:401.4,401.45 1 1
github.com\bkmoovio\ach\batch.go:398.48,399.13 1 0
github.com\bkmoovio\ach\batch.go:401.45,403.5 1 1
github.com\bkmoovio\ach\batch.go:412.47,413.38 1 1
github.com\bkmoovio\ach\batch.go:420.2,420.12 1 1
github.com\bkmoovio\ach\batch.go:413.38,414.141 1 1
github.com\bkmoovio\ach\batch.go:414.141,418.4 2 0
github.com\bkmoovio\ach\batchCOR.go:23.45,28.2 4 1
github.com\bkmoovio\ach\batchCOR.go:31.41,33.39 1 1
github.com\bkmoovio\ach\batchCOR.go:38.2,38.44 1 1
github.com\bkmoovio\ach\batchCOR.go:43.2,43.50 1 1
github.com\bkmoovio\ach\batchCOR.go:50.2,50.103 1 1
github.com\bkmoovio\ach\batchCOR.go:55.2,55.38 1 1
github.com\bkmoovio\ach\batchCOR.go:66.2,66.12 1 1
github.com\bkmoovio\ach\batchCOR.go:33.39,35.3 1 0
github.com\bkmoovio\ach\batchCOR.go:38.44,40.3 1 1
github.com\bkmoovio\ach\batchCOR.go:43.50,46.3 2 0
github.com\bkmoovio\ach\batchCOR.go:50.103,53.3 2 1
github.com\bkmoovio\ach\batchCOR.go:55.38,59.56 1 1
github.com\bkmoovio\ach\batchCOR.go:59.56,62.4 2 1
github.com\bkmoovio\ach\batchCOR.go:70.39,72.38 1 1
github.com\bkmoovio\ach\batchCOR.go:76.2,76.25 1 1
github.com\bkmoovio\ach\batchCOR.go:72.38,74.3 1 1
github.com\bkmoovio\ach\batchCOR.go:80.44,81.38 1 1
github.com\bkmoovio\ach\batchCOR.go:100.2,100.12 1 1
github.com\bkmoovio\ach\batchCOR.go:81.38,83.31 1 1
github.com\bkmoovio\ach\batchCOR.go:87.3,88.10 2 1
github.com\bkmoovio\ach\batchCOR.go:93.3,93.46 1 1
github.com\bkmoovio\ach\batchCOR.go:83.31,85.4 1 1
github.com\bkmoovio\ach\batchCOR.go:88.10,91.4 2 1
github.com\bkmoovio\ach\batchCOR.go:93.46,95.38 1 1
github.com\bkmoovio\ach\batchCOR.go:95.38,97.5 1 1
github.com\bkmoovio\ach\batchPOS.go:31.45,36.2 4 1
github.com\bkmoovio\ach\batchPOS.go:39.41,41.39 1 1
github.com\bkmoovio\ach\batchPOS.go:47.2,47.44 1 1
github.com\bkmoovio\ach\batchPOS.go:51.2,51.50 1 1
github.com\bkmoovio\ach\batchPOS.go:64.2,64.38 1 1
github.com\bkmoovio\ach\batchPOS.go:72.2,72.12 1 1
github.com\bkmoovio\ach\batchPOS.go:41.39,43.3 1 1
github.com\bkmoovio\ach\batchPOS.go:47.44,49.3 1 1
github.com\bkmoovio\ach\batchPOS.go:51.50,54.3 2 1
github.com\bkmoovio\ach\batchPOS.go:64.38,66.35 1 1
github.com\bkmoovio\ach\batchPOS.go:66.35,69.4 2 1
github.com\bkmoovio\ach\batchPOS.go:76.39,78.38 1 1
github.com\bkmoovio\ach\batchPOS.go:84.2,84.25 1 1
github.com\bkmoovio\ach\batchPOS.go:78.38,80.3 1 1
github.com\bkmoovio\ach\batchPOS.go:88.44,89.38 1 1
github.com\bkmoovio\ach\batchPOS.go:108.2,108.12 1 1
github.com\bkmoovio\ach\batchPOS.go:89.38,91.31 1 1
github.com\bkmoovio\ach\batchPOS.go:95.3,96.10 2 1
github.com\bkmoovio\ach\batchPOS.go:101.3,101.46 1 1
github.com\bkmoovio\ach\batchPOS.go:91.31,93.4 1 1
github.com\bkmoovio\ach\batchPOS.go:96.10,99.4 2 1
github.com\bkmoovio\ach\batchPOS.go:101.46,103.38 1 1
github.com\bkmoovio\ach\batchPOS.go:103.38,105.5 1 1
github.com\bkmoovio\ach\addenda99.go:28.13,31.2 1 1
github.com\bkmoovio\ach\addenda99.go:71.32,77.2 2 1
github.com\bkmoovio\ach\addenda99.go:80.50,97.2 8 1
github.com\bkmoovio\ach\addenda99.go:100.45,111.2 1 1
github.com\bkmoovio\ach\addenda99.go:114.46,116.33 1 1
github.com\bkmoovio\ach\addenda99.go:122.2,123.9 2 1
github.com\bkmoovio\ach\addenda99.go:127.2,127.12 1 1
github.com\bkmoovio\ach\addenda99.go:116.33,119.3 2 0
github.com\bkmoovio\ach\addenda99.go:123.9,126.3 1 1
github.com\bkmoovio\ach\addenda99.go:131.47,133.2 1 1
github.com\bkmoovio\ach\addenda99.go:136.57,138.2 1 1
github.com\bkmoovio\ach\addenda99.go:141.55,143.36 1 1
github.com\bkmoovio\ach\addenda99.go:147.2,147.58 1 1
github.com\bkmoovio\ach\addenda99.go:143.36,145.3 1 1
github.com\bkmoovio\ach\addenda99.go:151.55,153.2 1 1
github.com\bkmoovio\ach\addenda99.go:156.62,158.2 1 1
github.com\bkmoovio\ach\addenda99.go:161.55,163.2 1 1
github.com\bkmoovio\ach\addenda99.go:165.50,217.29 3 1
github.com\bkmoovio\ach\addenda99.go:220.2,220.13 1 1
github.com\bkmoovio\ach\addenda99.go:217.29,219.3 1 1
github.com\bkmoovio\ach\batchControl.go:74.46,98.2 11 1
github.com\bkmoovio\ach\batchControl.go:101.38,108.2 1 1
github.com\bkmoovio\ach\batchControl.go:111.41,125.2 1 1
github.com\bkmoovio\ach\batchControl.go:129.42,130.44 1 1
github.com\bkmoovio\ach\batchControl.go:133.2,133.26 1 1
github.com\bkmoovio\ach\batchControl.go:137.2,137.63 1 1
github.com\bkmoovio\ach\batchControl.go:141.2,141.68 1 1
github.com\bkmoovio\ach\batchControl.go:145.2,145.72 1 1
github.com\bkmoovio\ach\batchControl.go:149.2,149.12 1 1
github.com\bkmoovio\ach\batchControl.go:130.44,132.3 1 1
github.com\bkmoovio\ach\batchControl.go:133.26,136.3 2 1
github.com\bkmoovio\ach\batchControl.go:137.63,139.3 1 1
github.com\bkmoovio\ach\batchControl.go:141.68,143.3 1 1
github.com\bkmoovio\ach\batchControl.go:145.72,147.3 1 1
github.com\bkmoovio\ach\batchControl.go:154.48,155.25 1 1
github.com\bkmoovio\ach\batchControl.go:158.2,158.30 1 1
github.com\bkmoovio\ach\batchControl.go:161.2,161.42 1 1
github.com\bkmoovio\ach\batchControl.go:164.2,164.12 1 1
github.com\bkmoovio\ach\batchControl.go:155.25,157.3 1 1
github.com\bkmoovio\ach\batchControl.go:158.30,160.3 1 1
github.com\bkmoovio\ach\batchControl.go:161.42,163.3 1 1
github.com\bkmoovio\ach\batchControl.go:168.57,170.2 1 1
github.com\bkmoovio\ach\batchControl.go:173.49,175.2 1 1
github.com\bkmoovio\ach\batchControl.go:178.67,180.2 1 1
github.com\bkmoovio\ach\batchControl.go:183.68,185.2 1 1
github.com\bkmoovio\ach\batchControl.go:188.61,190.2 1 1
github.com\bkmoovio\ach\batchControl.go:193.65,195.2 1 1
github.com\bkmoovio\ach\batchControl.go:198.58,200.2 1 1
github.com\bkmoovio\ach\batchControl.go:203.51,205.2 1 1
github.com\bkmoovio\ach\batchWeb.go:19.45,24.2 4 1
github.com\bkmoovio\ach\batchWeb.go:27.41,29.39 1 1
github.com\bkmoovio\ach\batchWeb.go:34.2,34.48 1 1
github.com\bkmoovio\ach\batchWeb.go:37.2,37.47 1 1
github.com\bkmoovio\ach\batchWeb.go:42.2,42.50 1 1
github.com\bkmoovio\ach\batchWeb.go:47.2,47.34 1 1
github.com\bkmoovio\ach\batchWeb.go:29.39,31.3 1 1
github.com\bkmoovio\ach\batchWeb.go:34.48,36.3 1 1
github.com\bkmoovio\ach\batchWeb.go:37.47,39.3 1 1
github.com\bkmoovio\ach\batchWeb.go:42.50,45.3 2 1
github.com\bkmoovio\ach\batchWeb.go:51.39,53.38 1 1
github.com\bkmoovio\ach\batchWeb.go:57.2,57.25 1 1
github.com\bkmoovio\ach\batchWeb.go:53.38,55.3 1 1
github.com\bkmoovio\ach\addenda02.go:51.32,56.2 4 1
github.com\bkmoovio\ach\addenda02.go:59.50,84.2 12 1
github.com\bkmoovio\ach\addenda02.go:87.45,103.2 1 1
github.com\bkmoovio\ach\addenda02.go:107.46,108.51 1 1
github.com\bkmoovio\ach\addenda02.go:111.2,111.33 1 1
github.com\bkmoovio\ach\addenda02.go:115.2,115.65 1 1
github.com\bkmoovio\ach\addenda02.go:120.2,120.32 1 1
github.com\bkmoovio\ach\addenda02.go:124.2,124.12 1 1
github.com\bkmoovio\ach\addenda02.go:108.51,110.3 1 1
github.com\bkmoovio\ach\addenda02.go:111.33,114.3 2 1
github.com\bkmoovio\ach\addenda02.go:115.65,117.3 1 1
github.com\bkmoovio\ach\addenda02.go:120.32,122.3 1 1
github.com\bkmoovio\ach\addenda02.go:132.52,133.32 1 1
github.com\bkmoovio\ach\addenda02.go:136.2,136.30 1 1
github.com\bkmoovio\ach\addenda02.go:139.2,139.48 1 1
github.com\bkmoovio\ach\addenda02.go:142.2,142.45 1 1
github.com\bkmoovio\ach\addenda02.go:145.2,145.37 1 1
github.com\bkmoovio\ach\addenda02.go:148.2,148.38 1 1
github.com\bkmoovio\ach\addenda02.go:151.2,151.34 1 1
github.com\bkmoovio\ach\addenda02.go:154.2,154.35 1 1
github.com\bkmoovio\ach\addenda02.go:158.2,158.12 1 1
github.com\bkmoovio\ach\addenda02.go:133.32,135.3 1 1
github.com\bkmoovio\ach\addenda02.go:136.30,138.3 1 1
github.com\bkmoovio\ach\addenda02.go:139.48,141.3 1 1
github.com\bkmoovio\ach\addenda02.go:142.45,144.3 1 1
github.com\bkmoovio\ach\addenda02.go:145.37,147.3 1 1
github.com\bkmoovio\ach\addenda02.go:148.38,150.3 1 1
github.com\bkmoovio\ach\addenda02.go:151.34,153.3 1 1
github.com\bkmoovio\ach\addenda02.go:154.35,156.3 1 1
github.com\bkmoovio\ach\addenda02.go:162.47,164.2 1 1
github.com\bkmoovio\ach\addenda02.go:167.67,169.2 1 1
github.com\bkmoovio\ach\addenda02.go:172.67,174.2 1 1
github.com\bkmoovio\ach\addenda02.go:177.70,179.2 1 1
github.com\bkmoovio\ach\addenda02.go:182.67,184.2 1 1
github.com\bkmoovio\ach\addenda02.go:187.59,190.2 1 1
github.com\bkmoovio\ach\addenda02.go:193.73,195.2 1 1
github.com\bkmoovio\ach\addenda02.go:198.60,200.2 1 1
github.com\bkmoovio\ach\addenda02.go:203.56,205.2 1 1
github.com\bkmoovio\ach\addenda02.go:208.57,210.2 1 1
github.com\bkmoovio\ach\addenda02.go:213.55,215.2 1 1
github.com\bkmoovio\ach\addenda98.go:49.13,52.2 1 1
github.com\bkmoovio\ach\addenda98.go:61.32,67.2 2 1
github.com\bkmoovio\ach\addenda98.go:70.50,85.2 7 1
github.com\bkmoovio\ach\addenda98.go:88.45,100.2 1 1
github.com\bkmoovio\ach\addenda98.go:103.46,104.33 1 1
github.com\bkmoovio\ach\addenda98.go:109.2,109.32 1 1
github.com\bkmoovio\ach\addenda98.go:114.2,115.9 2 1
github.com\bkmoovio\ach\addenda98.go:120.2,120.35 1 1
github.com\bkmoovio\ach\addenda98.go:124.2,124.12 1 1
github.com\bkmoovio\ach\addenda98.go:104.33,107.3 2 1
github.com\bkmoovio\ach\addenda98.go:109.32,111.3 1 1
github.com\bkmoovio\ach\addenda98.go:115.9,117.3 1 1
github.com\bkmoovio\ach\addenda98.go:120.35,122.3 1 1
github.com\bkmoovio\ach\addenda98.go:128.47,130.2 1 1
github.com\bkmoovio\ach\addenda98.go:133.57,135.2 1 1
github.com\bkmoovio\ach\addenda98.go:138.55,140.2 1 1
github.com\bkmoovio\ach\addenda98.go:143.57,145.2 1 1
github.com\bkmoovio\ach\addenda98.go:148.55,150.2 1 1
github.com\bkmoovio\ach\addenda98.go:152.50,169.29 3 1
github.com\bkmoovio\ach\addenda98.go:172.2,172.13 1 1
github.com\bkmoovio\ach\addenda98.go:169.29,171.3 1 1
github.com\bkmoovio\ach\batchPOP.go:29.45,34.2 4 1
github.com\bkmoovio\ach\batchPOP.go:37.41,39.39 1 1
github.com\bkmoovio\ach\batchPOP.go:45.2,45.48 1 1
github.com\bkmoovio\ach\batchPOP.go:50.2,50.50 1 1
github.com\bkmoovio\ach\batchPOP.go:56.2,56.39 1 1
github.com\bkmoovio\ach\batchPOP.go:62.2,62.38 1 1
github.com\bkmoovio\ach\batchPOP.go:82.2,82.12 1 1
github.com\bkmoovio\ach\batchPOP.go:39.39,41.3 1 1
github.com\bkmoovio\ach\batchPOP.go:45.48,47.3 1 1
github.com\bkmoovio\ach\batchPOP.go:50.50,53.3 2 1
github.com\bkmoovio\ach\batchPOP.go:57.21,59.101 2 1
github.com\bkmoovio\ach\batchPOP.go:62.38,64.35 1 1
github.com\bkmoovio\ach\batchPOP.go:70.3,70.29 1 1
github.com\bkmoovio\ach\batchPOP.go:76.3,76.39 1 1
github.com\bkmoovio\ach\batchPOP.go:64.35,67.4 2 1
github.com\bkmoovio\ach\batchPOP.go:70.29,73.4 2 1
github.com\bkmoovio\ach\batchPOP.go:76.39,79.4 2 1
github.com\bkmoovio\ach\batchPOP.go:86.39,88.38 1 1
github.com\bkmoovio\ach\batchPOP.go:94.2,94.25 1 1
github.com\bkmoovio\ach\batchPOP.go:88.38,90.3 1 1
github.com\bkmoovio\ach\entryDetail.go:101.36,107.2 2 1
github.com\bkmoovio\ach\entryDetail.go:110.45,136.2 11 1
github.com\bkmoovio\ach\entryDetail.go:139.40,152.2 1 1
github.com\bkmoovio\ach\entryDetail.go:156.41,157.44 1 1
github.com\bkmoovio\ach\entryDetail.go:160.2,160.26 1 1
github.com\bkmoovio\ach\entryDetail.go:164.2,164.65 1 1
github.com\bkmoovio\ach\entryDetail.go:167.2,167.63 1 1
github.com\bkmoovio\ach\entryDetail.go:170.2,170.67 1 1
github.com\bkmoovio\ach\entryDetail.go:173.2,173.61 1 1
github.com\bkmoovio\ach\entryDetail.go:176.2,176.64 1 1
github.com\bkmoovio\ach\entryDetail.go:180.2,183.16 3 1
github.com\bkmoovio\ach\entryDetail.go:187.2,187.32 1 1
github.com\bkmoovio\ach\entryDetail.go:191.2,191.12 1 1
github.com\bkmoovio\ach\entryDetail.go:157.44,159.3 1 1
github.com\bkmoovio\ach\entryDetail.go:160.26,163.3 2 1
github.com\bkmoovio\ach\entryDetail.go:164.65,166.3 1 1
github.com\bkmoovio\ach\entryDetail.go:167.63,169.3 1 1
github.com\bkmoovio\ach\entryDetail.go:170.67,172.3 1 1
github.com\bkmoovio\ach\entryDetail.go:173.61,175.3 1 1
github.com\bkmoovio\ach\entryDetail.go:176.64,178.3 1 1
github.com\bkmoovio\ach\entryDetail.go:183.16,185.3 1 0
github.com\bkmoovio\ach\entryDetail.go:187.32,190.3 2 1
github.com\bkmoovio\ach\entryDetail.go:196.47,197.25 1 1
github.com\bkmoovio\ach\entryDetail.go:200.2,200.29 1 1
github.com\bkmoovio\ach\entryDetail.go:203.2,203.33 1 1
github.com\bkmoovio\ach\entryDetail.go:206.2,206.31 1 1
github.com\bkmoovio\ach\entryDetail.go:209.2,209.29 1 1
github.com\bkmoovio\ach\entryDetail.go:212.2,212.25 1 1
github.com\bkmoovio\ach\entryDetail.go:215.2,215.12 1 1
github.com\bkmoovio\ach\entryDetail.go:197.25,199.3 1 1
github.com\bkmoovio\ach\entryDetail.go:200.29,202.3 1 1
github.com\bkmoovio\ach\entryDetail.go:203.33,205.3 1 1
github.com\bkmoovio\ach\entryDetail.go:206.31,208.3 1 1
github.com\bkmoovio\ach\entryDetail.go:209.29,211.3 1 1
github.com\bkmoovio\ach\entryDetail.go:212.25,214.3 1 1
github.com\bkmoovio\ach\entryDetail.go:219.68,222.24 2 1
github.com\bkmoovio\ach\entryDetail.go:223.18,227.21 4 1
github.com\bkmoovio\ach\entryDetail.go:228.18,232.21 4 1
github.com\bkmoovio\ach\entryDetail.go:233.18,237.21 4 1
github.com\bkmoovio\ach\entryDetail.go:239.10,242.21 3 1
github.com\bkmoovio\ach\entryDetail.go:247.58,252.2 4 1
github.com\bkmoovio\ach\entryDetail.go:255.75,258.2 2 1
github.com\bkmoovio\ach\entryDetail.go:261.57,263.2 1 1
github.com\bkmoovio\ach\entryDetail.go:266.55,268.2 1 1
github.com\bkmoovio\ach\entryDetail.go:271.45,273.2 1 1
github.com\bkmoovio\ach\entryDetail.go:276.59,278.2 1 1
github.com\bkmoovio\ach\entryDetail.go:282.56,284.2 1 1
github.com\bkmoovio\ach\entryDetail.go:288.55,290.2 1 1
github.com\bkmoovio\ach\entryDetail.go:294.58,296.2 1 1
github.com\bkmoovio\ach\entryDetail.go:300.53,302.2 1 1
github.com\bkmoovio\ach\entryDetail.go:306.54,308.2 1 1
github.com\bkmoovio\ach\entryDetail.go:312.59,315.2 1 1
github.com\bkmoovio\ach\entryDetail.go:319.54,322.2 1 1
github.com\bkmoovio\ach\entryDetail.go:326.55,329.2 1 1
github.com\bkmoovio\ach\entryDetail.go:332.53,334.2 1 1
github.com\bkmoovio\ach\entryDetail.go:337.55,339.2 1 0
github.com\bkmoovio\ach\entryDetail.go:342.54,344.2 1 1
github.com\bkmoovio\ach\entryDetail.go:347.56,349.2 1 1
github.com\bkmoovio\ach\entryDetail.go:352.50,356.2 2 1
github.com\bkmoovio\ach\entryDetail.go:359.49,361.14 2 1
github.com\bkmoovio\ach\entryDetail.go:361.14,363.3 1 0
github.com\bkmoovio\ach\entryDetail.go:363.3,365.3 1 1
github.com\bkmoovio\ach\entryDetail.go:369.50,371.2 1 1
github.com\bkmoovio\ach\entryDetail.go:374.47,377.17 2 1
github.com\bkmoovio\ach\entryDetail.go:383.2,383.11 1 0
github.com\bkmoovio\ach\entryDetail.go:378.26,379.13 1 1
github.com\bkmoovio\ach\entryDetail.go:380.31,381.13 1 1
github.com\bkmoovio\ach\entryDetail.go:388.60,391.17 2 1
github.com\bkmoovio\ach\entryDetail.go:397.2,397.11 1 1
github.com\bkmoovio\ach\entryDetail.go:393.16,394.21 1 1
github.com\bkmoovio\ach\entryDetail.go:395.10,395.10 0 1
